[2025-07-15 15:06:02,892] INFO [deepethogram.gui.main.initialize_project:1021] loaded project configuration: split:
  reload: true
  file: null
  train_val_test:
  - 0.8
  - 0.2
  - 0.0
compute:
  fp16: false
  num_workers: 3
  batch_size: 8
  min_batch_size: 8
  max_batch_size: 512
  distributed: false
  gpu_id: 0
  dali: false
  metrics_workers: 0
reload:
  overwrite_cfg: false
  latest: false
notes: null
log:
  level: info
run:
  type: gui
  model: null
  dir: D:\SIT_auto\SIT_deepethogram\gui_logs\250715_150602
label_view_width: 31
control_arrow_jump: 31
vertical_arrow_jump: 3
cmap: deepethogram
unlabeled_alpha: 0.1
prediction_opacity: 0.2
postprocessor:
  type: min_bout_per_behavior
  min_bout_length: 1
augs:
  LR: 0.5
  UD: 0.0
  brightness: 0.25
  contrast: 0.1
  crop_size: null
  degrees: 10
  grayscale: 0.5
  hue: 0.1
  normalization:
    'N': 134573787500
    mean:
    - 0.4188662543741402
    - 0.384645660879449
    - 0.3572427996897448
    std:
    - 0.18899837086842783
    - 0.1915122234643136
    - 0.19592325647909137
  pad: null
  random_resize: false
  resize:
  - 224
  - 224
  saturation: 0.1
project:
  class_names:
  - background
  - Contactbyhost
  - Contactbyvisitor
  - Followbyhost
  - Followbyvisitor
  - Pawcontrol(host)
  - Rearing
  - Tailrattling
  - Grooming
  config_file: D:\SIT_auto\SIT_deepethogram\project_config.yaml
  data_path: D:\SIT_auto\SIT_deepethogram\DATA
  labeler: null
  model_path: D:\SIT_auto\SIT_deepethogram\models
  name: SIT
  path: D:\SIT_auto\SIT_deepethogram
  pretrained_path: D:\SIT_auto\SIT_deepethogram\models\pretrained_models
sequence:
  filter_length: 15
train:
  loss_weight_exp: 1.0

[2025-07-15 15:06:02,905] INFO [deepethogram.gui.main.initialize_project:1022] cwd: D:\SIT_auto\SIT_deepethogram\gui_logs\250715_150602
[2025-07-15 15:06:02,956] INFO [deepethogram.gui.main.project_loaded_buttons:175] Number finalized labels: 10
[2025-07-15 15:06:03,454] INFO [deepethogram.gui.main.initialize_video:226] Record for loaded video: {'flow': None, 'label': None, 'output': 'D:\\SIT_auto\\SIT_deepethogram\\DATA\\SIT20-KUS-80-3-2025-04-1708-49-12\\SIT20-KUS-80-3-2025-04-1708-49-12_outputs.h5', 'rgb': 'D:\\SIT_auto\\SIT_deepethogram\\DATA\\SIT20-KUS-80-3-2025-04-1708-49-12\\SIT20-KUS-80-3-2025-04-1708-49-12.mp4', 'keypoint': None, 'key': 'SIT20-KUS-80-3-2025-04-1708-49-12'}
[2025-07-15 15:06:03,477] INFO [deepethogram.projects.import_outputfile:791] Key used to load outputfile: resnet18
[2025-07-15 15:06:03,542] INFO [deepethogram.gui.main.import_outputfile:886] CHANGING LATENT NAME TO : resnet18
[2025-07-15 15:06:28,190] INFO [deepethogram.gui.main.initialize_video:226] Record for loaded video: {'flow': None, 'label': 'D:/SIT_auto/SIT_deepethogram/DATA/SIT1-JNG-77-4-2025-04-1509-04-17\\SIT1-JNG-77-4-2025-04-1509-04-17_labels.csv', 'output': 'D:/SIT_auto/SIT_deepethogram/DATA/SIT1-JNG-77-4-2025-04-1509-04-17\\SIT1-JNG-77-4-2025-04-1509-04-17_outputs.h5', 'rgb': 'D:/SIT_auto/SIT_deepethogram/DATA/SIT1-JNG-77-4-2025-04-1509-04-17\\SIT1-JNG-77-4-2025-04-1509-04-17.mp4', 'keypoint': None, 'key': 'SIT1-JNG-77-4-2025-04-1509-04-17'}
[2025-07-15 15:06:28,216] INFO [deepethogram.projects.import_outputfile:791] Key used to load outputfile: resnet18
[2025-07-15 15:06:28,272] INFO [deepethogram.gui.main.import_outputfile:886] CHANGING LATENT NAME TO : resnet18
[2025-07-15 15:06:33,949] INFO [deepethogram.gui.main.initialize_video:226] Record for loaded video: {'flow': None, 'label': None, 'output': 'D:/SIT_auto/SIT_deepethogram/DATA/SIT20-KUS-80-3-2025-04-1708-49-12\\SIT20-KUS-80-3-2025-04-1708-49-12_outputs.h5', 'rgb': 'D:/SIT_auto/SIT_deepethogram/DATA/SIT20-KUS-80-3-2025-04-1708-49-12\\SIT20-KUS-80-3-2025-04-1708-49-12.mp4', 'keypoint': None, 'key': 'SIT20-KUS-80-3-2025-04-1708-49-12'}
[2025-07-15 15:06:33,961] INFO [deepethogram.projects.import_outputfile:791] Key used to load outputfile: resnet18
[2025-07-15 15:06:34,025] INFO [deepethogram.gui.main.import_outputfile:886] CHANGING LATENT NAME TO : resnet18
[2025-07-15 15:06:44,860] INFO [deepethogram.gui.main.get_selected_models:1136] {'flow_generator': {'no pretrained weights': None, '200221_115158_TinyMotionNet': 'D:\\SIT_auto\\SIT_deepethogram\\models\\pretrained_models\\200221_115158_TinyMotionNet\\checkpoint.pt', '250715_113518_flow_generator_train': 'D:\\SIT_auto\\SIT_deepethogram\\models\\250715_113518_flow_generator_train\\lightning_checkpoints\\epoch=0-step=999.ckpt', '250715_120117_flow_generator_train': 'D:\\SIT_auto\\SIT_deepethogram\\models\\250715_120117_flow_generator_train\\lightning_checkpoints\\epoch=1-step=1999.ckpt'}, 'feature_extractor': {'no pretrained weights': None, '200415_125824_hidden_two_stream_kinetics_degf': 'D:\\SIT_auto\\SIT_deepethogram\\models\\pretrained_models\\200415_125824_hidden_two_stream_kinetics_degf\\checkpoint.pt', '250715_124246_feature_extractor_train': 'D:\\SIT_auto\\SIT_deepethogram\\models\\250715_124246_feature_extractor_train\\lightning_checkpoints\\epoch=13-step=8283.ckpt', '250715_141521_feature_extractor_train': 'D:\\SIT_auto\\SIT_deepethogram\\models\\250715_141521_feature_extractor_train\\lightning_checkpoints\\epoch=0-step=999.ckpt'}, 'sequence': {'': None, 'no pretrained weights': None, '250715_150359_sequence_train': 'D:\\SIT_auto\\SIT_deepethogram\\models\\250715_150359_sequence_train\\lightning_checkpoints\\last.ckpt', '250715_150545_sequence_train': 'D:\\SIT_auto\\SIT_deepethogram\\models\\250715_150545_sequence_train\\lightning_checkpoints\\last.ckpt'}}
[2025-07-15 15:06:53,954] INFO [deepethogram.gui.main.sequence_train:501] Training finished. If you see error messages above, training did not complete successfully.
[2025-07-15 15:06:53,954] INFO [deepethogram.gui.main.sequence_train:506] ~~~~~~~~~~~~~~~~~~~~~~~~~~~~~~~~~~~~~~~~~~~~~~~~~~~~~~~~~~~~~~~~~~~~~~~~~~~~~~~~~~~~~~~~~~~~~~~~~~~~
[2025-07-15 15:06:54,018] INFO [deepethogram.gui.main.project_loaded_buttons:175] Number finalized labels: 10
[2025-07-15 15:07:14,376] INFO [deepethogram.gui.main.get_selected_models:1136] {'flow_generator': {'no pretrained weights': None, '200221_115158_TinyMotionNet': 'D:\\SIT_auto\\SIT_deepethogram\\models\\pretrained_models\\200221_115158_TinyMotionNet\\checkpoint.pt', '250715_113518_flow_generator_train': 'D:\\SIT_auto\\SIT_deepethogram\\models\\250715_113518_flow_generator_train\\lightning_checkpoints\\epoch=0-step=999.ckpt', '250715_120117_flow_generator_train': 'D:\\SIT_auto\\SIT_deepethogram\\models\\250715_120117_flow_generator_train\\lightning_checkpoints\\epoch=1-step=1999.ckpt'}, 'feature_extractor': {'no pretrained weights': None, '200415_125824_hidden_two_stream_kinetics_degf': 'D:\\SIT_auto\\SIT_deepethogram\\models\\pretrained_models\\200415_125824_hidden_two_stream_kinetics_degf\\checkpoint.pt', '250715_124246_feature_extractor_train': 'D:\\SIT_auto\\SIT_deepethogram\\models\\250715_124246_feature_extractor_train\\lightning_checkpoints\\epoch=13-step=8283.ckpt', '250715_141521_feature_extractor_train': 'D:\\SIT_auto\\SIT_deepethogram\\models\\250715_141521_feature_extractor_train\\lightning_checkpoints\\epoch=0-step=999.ckpt'}, 'sequence': {'': None, 'no pretrained weights': None, '250715_150359_sequence_train': 'D:\\SIT_auto\\SIT_deepethogram\\models\\250715_150359_sequence_train\\lightning_checkpoints\\last.ckpt', '250715_150545_sequence_train': 'D:\\SIT_auto\\SIT_deepethogram\\models\\250715_150545_sequence_train\\lightning_checkpoints\\last.ckpt'}}
[2025-07-15 15:07:14,376] INFO [deepethogram.gui.main.get_selected_models:1136] {'flow_generator': {'no pretrained weights': None, '200221_115158_TinyMotionNet': 'D:\\SIT_auto\\SIT_deepethogram\\models\\pretrained_models\\200221_115158_TinyMotionNet\\checkpoint.pt', '250715_113518_flow_generator_train': 'D:\\SIT_auto\\SIT_deepethogram\\models\\250715_113518_flow_generator_train\\lightning_checkpoints\\epoch=0-step=999.ckpt', '250715_120117_flow_generator_train': 'D:\\SIT_auto\\SIT_deepethogram\\models\\250715_120117_flow_generator_train\\lightning_checkpoints\\epoch=1-step=1999.ckpt'}, 'feature_extractor': {'no pretrained weights': None, '200415_125824_hidden_two_stream_kinetics_degf': 'D:\\SIT_auto\\SIT_deepethogram\\models\\pretrained_models\\200415_125824_hidden_two_stream_kinetics_degf\\checkpoint.pt', '250715_124246_feature_extractor_train': 'D:\\SIT_auto\\SIT_deepethogram\\models\\250715_124246_feature_extractor_train\\lightning_checkpoints\\epoch=13-step=8283.ckpt', '250715_141521_feature_extractor_train': 'D:\\SIT_auto\\SIT_deepethogram\\models\\250715_141521_feature_extractor_train\\lightning_checkpoints\\epoch=0-step=999.ckpt'}, 'sequence': {'': None, 'no pretrained weights': None, '250715_150359_sequence_train': 'D:\\SIT_auto\\SIT_deepethogram\\models\\250715_150359_sequence_train\\lightning_checkpoints\\last.ckpt', '250715_150545_sequence_train': 'D:\\SIT_auto\\SIT_deepethogram\\models\\250715_150545_sequence_train\\lightning_checkpoints\\last.ckpt'}}
[2025-07-15 15:07:14,376] INFO [deepethogram.gui.main.get_selected_models:1136] {'flow_generator': {'no pretrained weights': None, '200221_115158_TinyMotionNet': 'D:\\SIT_auto\\SIT_deepethogram\\models\\pretrained_models\\200221_115158_TinyMotionNet\\checkpoint.pt', '250715_113518_flow_generator_train': 'D:\\SIT_auto\\SIT_deepethogram\\models\\250715_113518_flow_generator_train\\lightning_checkpoints\\epoch=0-step=999.ckpt', '250715_120117_flow_generator_train': 'D:\\SIT_auto\\SIT_deepethogram\\models\\250715_120117_flow_generator_train\\lightning_checkpoints\\epoch=1-step=1999.ckpt'}, 'feature_extractor': {'no pretrained weights': None, '200415_125824_hidden_two_stream_kinetics_degf': 'D:\\SIT_auto\\SIT_deepethogram\\models\\pretrained_models\\200415_125824_hidden_two_stream_kinetics_degf\\checkpoint.pt', '250715_124246_feature_extractor_train': 'D:\\SIT_auto\\SIT_deepethogram\\models\\250715_124246_feature_extractor_train\\lightning_checkpoints\\epoch=13-step=8283.ckpt', '250715_141521_feature_extractor_train': 'D:\\SIT_auto\\SIT_deepethogram\\models\\250715_141521_feature_extractor_train\\lightning_checkpoints\\epoch=0-step=999.ckpt'}, 'sequence': {'': None, 'no pretrained weights': None, '250715_150359_sequence_train': 'D:\\SIT_auto\\SIT_deepethogram\\models\\250715_150359_sequence_train\\lightning_checkpoints\\last.ckpt', '250715_150545_sequence_train': 'D:\\SIT_auto\\SIT_deepethogram\\models\\250715_150545_sequence_train\\lightning_checkpoints\\last.ckpt'}}
[2025-07-15 15:07:14,376] INFO [deepethogram.gui.main.featureextractor_train:385] feature extractor train called with args: ['python', '-m', 'deepethogram.feature_extractor.train', 'project.path=D:\\SIT_auto\\SIT_deepethogram', 'feature_extractor.weights=D:\\SIT_auto\\SIT_deepethogram\\models\\250715_141521_feature_extractor_train\\lightning_checkpoints\\epoch=0-step=999.ckpt', 'flow_generator.weights=D:\\SIT_auto\\SIT_deepethogram\\models\\250715_120117_flow_generator_train\\lightning_checkpoints\\epoch=1-step=1999.ckpt']
[2025-07-15 15:08:14,620] INFO [deepethogram.gui.main.log_idle:151] User has been idle for 60.0 seconds...
[2025-07-15 15:08:14,891] INFO [deepethogram.gui.main.featureextractor_train:395] Training finished. If you see error messages above, training did not complete successfully.
[2025-07-15 15:08:14,891] INFO [deepethogram.gui.main.featureextractor_train:400] ~~~~~~~~~~~~~~~~~~~~~~~~~~~~~~~~~~~~~~~~~~~~~~~~~~~~~~~~~~~~~~~~~~~~~~~~~~~~~~~~~~~~~~~~~~~~~~~~~~~~
[2025-07-15 15:08:14,955] INFO [deepethogram.gui.main.project_loaded_buttons:175] Number finalized labels: 10
[2025-07-15 15:09:26,983] INFO [deepethogram.gui.main.user_did_something:138] User restarted labeling
[2025-07-15 15:09:34,093] INFO [deepethogram.gui.main.get_selected_models:1136] {'flow_generator': {'no pretrained weights': None, '200221_115158_TinyMotionNet': 'D:\\SIT_auto\\SIT_deepethogram\\models\\pretrained_models\\200221_115158_TinyMotionNet\\checkpoint.pt', '250715_113518_flow_generator_train': 'D:\\SIT_auto\\SIT_deepethogram\\models\\250715_113518_flow_generator_train\\lightning_checkpoints\\epoch=0-step=999.ckpt', '250715_120117_flow_generator_train': 'D:\\SIT_auto\\SIT_deepethogram\\models\\250715_120117_flow_generator_train\\lightning_checkpoints\\epoch=1-step=1999.ckpt'}, 'feature_extractor': {'no pretrained weights': None, '200415_125824_hidden_two_stream_kinetics_degf': 'D:\\SIT_auto\\SIT_deepethogram\\models\\pretrained_models\\200415_125824_hidden_two_stream_kinetics_degf\\checkpoint.pt', '250715_124246_feature_extractor_train': 'D:\\SIT_auto\\SIT_deepethogram\\models\\250715_124246_feature_extractor_train\\lightning_checkpoints\\epoch=13-step=8283.ckpt', '250715_141521_feature_extractor_train': 'D:\\SIT_auto\\SIT_deepethogram\\models\\250715_141521_feature_extractor_train\\lightning_checkpoints\\epoch=0-step=999.ckpt', '250715_150716_feature_extractor_train': 'D:\\SIT_auto\\SIT_deepethogram\\models\\250715_150716_feature_extractor_train\\lightning_checkpoints\\last.ckpt'}, 'sequence': {'': None, 'no pretrained weights': None, '250715_150359_sequence_train': 'D:\\SIT_auto\\SIT_deepethogram\\models\\250715_150359_sequence_train\\lightning_checkpoints\\last.ckpt', '250715_150545_sequence_train': 'D:\\SIT_auto\\SIT_deepethogram\\models\\250715_150545_sequence_train\\lightning_checkpoints\\last.ckpt'}}
[2025-07-15 15:09:50,298] INFO [deepethogram.gui.main.sequence_train:501] Training finished. If you see error messages above, training did not complete successfully.
[2025-07-15 15:09:50,298] INFO [deepethogram.gui.main.sequence_train:506] ~~~~~~~~~~~~~~~~~~~~~~~~~~~~~~~~~~~~~~~~~~~~~~~~~~~~~~~~~~~~~~~~~~~~~~~~~~~~~~~~~~~~~~~~~~~~~~~~~~~~
[2025-07-15 15:09:50,360] INFO [deepethogram.gui.main.project_loaded_buttons:175] Number finalized labels: 10
[2025-07-15 15:10:34,641] INFO [deepethogram.gui.main.log_idle:151] User has been idle for 60.0 seconds...
[2025-07-15 15:11:12,951] INFO [deepethogram.gui.main.get_selected_models:1136] {'flow_generator': {'no pretrained weights': None, '200221_115158_TinyMotionNet': 'D:\\SIT_auto\\SIT_deepethogram\\models\\pretrained_models\\200221_115158_TinyMotionNet\\checkpoint.pt', '250715_113518_flow_generator_train': 'D:\\SIT_auto\\SIT_deepethogram\\models\\250715_113518_flow_generator_train\\lightning_checkpoints\\epoch=0-step=999.ckpt', '250715_120117_flow_generator_train': 'D:\\SIT_auto\\SIT_deepethogram\\models\\250715_120117_flow_generator_train\\lightning_checkpoints\\epoch=1-step=1999.ckpt'}, 'feature_extractor': {'no pretrained weights': None, '200415_125824_hidden_two_stream_kinetics_degf': 'D:\\SIT_auto\\SIT_deepethogram\\models\\pretrained_models\\200415_125824_hidden_two_stream_kinetics_degf\\checkpoint.pt', '250715_124246_feature_extractor_train': 'D:\\SIT_auto\\SIT_deepethogram\\models\\250715_124246_feature_extractor_train\\lightning_checkpoints\\epoch=13-step=8283.ckpt', '250715_141521_feature_extractor_train': 'D:\\SIT_auto\\SIT_deepethogram\\models\\250715_141521_feature_extractor_train\\lightning_checkpoints\\epoch=0-step=999.ckpt', '250715_150716_feature_extractor_train': 'D:\\SIT_auto\\SIT_deepethogram\\models\\250715_150716_feature_extractor_train\\lightning_checkpoints\\last.ckpt'}, 'sequence': {'': None, 'no pretrained weights': None, '250715_150359_sequence_train': 'D:\\SIT_auto\\SIT_deepethogram\\models\\250715_150359_sequence_train\\lightning_checkpoints\\last.ckpt', '250715_150545_sequence_train': 'D:\\SIT_auto\\SIT_deepethogram\\models\\250715_150545_sequence_train\\lightning_checkpoints\\last.ckpt', '250715_150935_sequence_train': 'D:\\SIT_auto\\SIT_deepethogram\\models\\250715_150935_sequence_train\\lightning_checkpoints\\last.ckpt'}}
[2025-07-15 15:11:12,967] INFO [deepethogram.gui.main.get_selected_models:1136] {'flow_generator': {'no pretrained weights': None, '200221_115158_TinyMotionNet': 'D:\\SIT_auto\\SIT_deepethogram\\models\\pretrained_models\\200221_115158_TinyMotionNet\\checkpoint.pt', '250715_113518_flow_generator_train': 'D:\\SIT_auto\\SIT_deepethogram\\models\\250715_113518_flow_generator_train\\lightning_checkpoints\\epoch=0-step=999.ckpt', '250715_120117_flow_generator_train': 'D:\\SIT_auto\\SIT_deepethogram\\models\\250715_120117_flow_generator_train\\lightning_checkpoints\\epoch=1-step=1999.ckpt'}, 'feature_extractor': {'no pretrained weights': None, '200415_125824_hidden_two_stream_kinetics_degf': 'D:\\SIT_auto\\SIT_deepethogram\\models\\pretrained_models\\200415_125824_hidden_two_stream_kinetics_degf\\checkpoint.pt', '250715_124246_feature_extractor_train': 'D:\\SIT_auto\\SIT_deepethogram\\models\\250715_124246_feature_extractor_train\\lightning_checkpoints\\epoch=13-step=8283.ckpt', '250715_141521_feature_extractor_train': 'D:\\SIT_auto\\SIT_deepethogram\\models\\250715_141521_feature_extractor_train\\lightning_checkpoints\\epoch=0-step=999.ckpt', '250715_150716_feature_extractor_train': 'D:\\SIT_auto\\SIT_deepethogram\\models\\250715_150716_feature_extractor_train\\lightning_checkpoints\\last.ckpt'}, 'sequence': {'': None, 'no pretrained weights': None, '250715_150359_sequence_train': 'D:\\SIT_auto\\SIT_deepethogram\\models\\250715_150359_sequence_train\\lightning_checkpoints\\last.ckpt', '250715_150545_sequence_train': 'D:\\SIT_auto\\SIT_deepethogram\\models\\250715_150545_sequence_train\\lightning_checkpoints\\last.ckpt', '250715_150935_sequence_train': 'D:\\SIT_auto\\SIT_deepethogram\\models\\250715_150935_sequence_train\\lightning_checkpoints\\last.ckpt'}}
[2025-07-15 15:11:12,967] INFO [deepethogram.gui.main.get_selected_models:1136] {'flow_generator': {'no pretrained weights': None, '200221_115158_TinyMotionNet': 'D:\\SIT_auto\\SIT_deepethogram\\models\\pretrained_models\\200221_115158_TinyMotionNet\\checkpoint.pt', '250715_113518_flow_generator_train': 'D:\\SIT_auto\\SIT_deepethogram\\models\\250715_113518_flow_generator_train\\lightning_checkpoints\\epoch=0-step=999.ckpt', '250715_120117_flow_generator_train': 'D:\\SIT_auto\\SIT_deepethogram\\models\\250715_120117_flow_generator_train\\lightning_checkpoints\\epoch=1-step=1999.ckpt'}, 'feature_extractor': {'no pretrained weights': None, '200415_125824_hidden_two_stream_kinetics_degf': 'D:\\SIT_auto\\SIT_deepethogram\\models\\pretrained_models\\200415_125824_hidden_two_stream_kinetics_degf\\checkpoint.pt', '250715_124246_feature_extractor_train': 'D:\\SIT_auto\\SIT_deepethogram\\models\\250715_124246_feature_extractor_train\\lightning_checkpoints\\epoch=13-step=8283.ckpt', '250715_141521_feature_extractor_train': 'D:\\SIT_auto\\SIT_deepethogram\\models\\250715_141521_feature_extractor_train\\lightning_checkpoints\\epoch=0-step=999.ckpt', '250715_150716_feature_extractor_train': 'D:\\SIT_auto\\SIT_deepethogram\\models\\250715_150716_feature_extractor_train\\lightning_checkpoints\\last.ckpt'}, 'sequence': {'': None, 'no pretrained weights': None, '250715_150359_sequence_train': 'D:\\SIT_auto\\SIT_deepethogram\\models\\250715_150359_sequence_train\\lightning_checkpoints\\last.ckpt', '250715_150545_sequence_train': 'D:\\SIT_auto\\SIT_deepethogram\\models\\250715_150545_sequence_train\\lightning_checkpoints\\last.ckpt', '250715_150935_sequence_train': 'D:\\SIT_auto\\SIT_deepethogram\\models\\250715_150935_sequence_train\\lightning_checkpoints\\last.ckpt'}}
[2025-07-15 15:11:12,967] INFO [deepethogram.gui.main.featureextractor_train:385] feature extractor train called with args: ['python', '-m', 'deepethogram.feature_extractor.train', 'project.path=D:\\SIT_auto\\SIT_deepethogram', 'feature_extractor.weights=D:\\SIT_auto\\SIT_deepethogram\\models\\pretrained_models\\200415_125824_hidden_two_stream_kinetics_degf\\checkpoint.pt', 'flow_generator.weights=D:\\SIT_auto\\SIT_deepethogram\\models\\250715_120117_flow_generator_train\\lightning_checkpoints\\epoch=1-step=1999.ckpt']
[2025-07-15 15:11:13,279] INFO [deepethogram.gui.main.user_did_something:138] User restarted labeling
[2025-07-15 15:12:13,285] INFO [deepethogram.gui.main.log_idle:151] User has been idle for 60.0 seconds...
[2025-07-15 15:14:09,637] INFO [deepethogram.gui.main.featureextractor_train:395] Training finished. If you see error messages above, training did not complete successfully.
[2025-07-15 15:14:09,637] INFO [deepethogram.gui.main.featureextractor_train:400] ~~~~~~~~~~~~~~~~~~~~~~~~~~~~~~~~~~~~~~~~~~~~~~~~~~~~~~~~~~~~~~~~~~~~~~~~~~~~~~~~~~~~~~~~~~~~~~~~~~~~
[2025-07-15 15:14:09,699] INFO [deepethogram.gui.main.project_loaded_buttons:175] Number finalized labels: 10
