[2025-07-17 11:24:05,477] INFO [deepethogram.gui.main.initialize_project:1021] loaded project configuration: split:
  reload: true
  file: null
  train_val_test:
  - 0.8
  - 0.2
  - 0.0
compute:
  fp16: false
  num_workers: 3
  batch_size: 8
  min_batch_size: 8
  max_batch_size: 512
  distributed: false
  gpu_id: 0
  dali: false
  metrics_workers: 0
reload:
  overwrite_cfg: false
  latest: false
notes: null
log:
  level: info
run:
  type: gui
  model: null
  dir: D:\SIT_auto\SIT_deepethogram\gui_logs\250717_112405
label_view_width: 31
control_arrow_jump: 31
vertical_arrow_jump: 3
cmap: deepethogram
unlabeled_alpha: 0.1
prediction_opacity: 0.2
postprocessor:
  type: min_bout_per_behavior
  min_bout_length: 1
augs:
  LR: 0.5
  UD: 0.0
  brightness: 0.25
  contrast: 0.1
  crop_size: null
  degrees: 10
  grayscale: 0.5
  hue: 0.1
  normalization:
    'N': 134573787500
    mean:
    - 0.4188662543741402
    - 0.384645660879449
    - 0.3572427996897448
    std:
    - 0.18899837086842783
    - 0.1915122234643136
    - 0.19592325647909137
  pad: null
  random_resize: false
  resize:
  - 224
  - 224
  saturation: 0.1
project:
  class_names:
  - background
  - Contactbyhost
  - Contactbyvisitor
  - Followbyhost
  - Followbyvisitor
  - Pawcontrol(host)
  - Rearing
  - Tailrattling
  - Grooming
  config_file: D:\SIT_auto\SIT_deepethogram\project_config.yaml
  data_path: D:\SIT_auto\SIT_deepethogram\DATA
  labeler: null
  model_path: D:\SIT_auto\SIT_deepethogram\models
  name: SIT
  path: D:\SIT_auto\SIT_deepethogram
  pretrained_path: D:\SIT_auto\SIT_deepethogram\models\pretrained_models
sequence:
  filter_length: 15
train:
  loss_weight_exp: 1.0

[2025-07-17 11:24:05,487] INFO [deepethogram.gui.main.initialize_project:1022] cwd: D:\SIT_auto\SIT_deepethogram\gui_logs\250717_112405
[2025-07-17 11:24:05,620] INFO [deepethogram.gui.main.project_loaded_buttons:175] Number finalized labels: 10
[2025-07-17 11:24:46,481] INFO [deepethogram.gui.main.log_idle:151] User has been idle for 60.0 seconds...
[2025-07-17 11:26:45,742] INFO [deepethogram.gui.main.initialize_project:1017] cwd: D:\SIT_auto\SIT_deepethogram\gui_logs\250717_112405
[2025-07-17 11:26:45,742] INFO [deepethogram.projects.convert_config_paths_to_absolute:1135] cwd in absolute: D:\SIT_auto\SIT_deepethogram\gui_logs\250717_112405
[2025-07-17 11:26:45,742] INFO [deepethogram.projects.convert_config_paths_to_absolute:1178] after absolute: {'class_names': ['background', 'Contactbyhost', 'Contactbyvisitor', 'Followbyhost', 'Followbyvisitor', 'Pawcontrol(host)', 'Rearing', 'Tailrattling', 'Grooming'], 'config_file': 'D:\\SIT_auto\\SIT_deepethogram\\project_config.yaml', 'data_path': 'D:\\SIT_auto\\SIT_deepethogram\\DATA', 'labeler': None, 'model_path': 'D:\\SIT_auto\\SIT_deepethogram\\models', 'name': 'SIT', 'path': 'D:\\SIT_auto\\SIT_deepethogram', 'pretrained_path': 'D:\\SIT_auto\\SIT_deepethogram\\models\\pretrained_models'}
[2025-07-17 11:26:45,742] INFO [deepethogram.gui.main.initialize_project:1019] cwd: D:\SIT_auto\SIT_deepethogram\gui_logs\250717_112405
