[2025-07-17 11:53:22,735] INFO [__main__.feature_extractor_inference:473] args: C:\Users\TeamGranon\anaconda3\envs\deg_social\lib\site-packages\deepethogram\feature_extractor\inference.py project.path=D:\SIT_auto\SIT_deepethogram inference.overwrite=True feature_extractor.weights=D:\SIT_auto\SIT_deepethogram\models\250717_000000_TS1_FE_model\lightning_checkpoints\epoch=0-step=999.ckpt flow_generator.weights=D:\SIT_auto\SIT_deepethogram\models\250717_000000_TS1_FG_model\lightning_checkpoints\epoch=1-step=1999.ckpt inference.directory_list=[D:\SIT_auto\SIT_deepethogram\DATA\SIT1-JNG-77-4-2025-04-1509-04-17]
[2025-07-17 11:53:22,735] INFO [__main__.feature_extractor_inference:475] configuration used in inference: 
[2025-07-17 11:53:22,735] INFO [__main__.feature_extractor_inference:476] split:
  reload: true
  file: null
  train_val_test:
  - 0.8
  - 0.2
  - 0.0
compute:
  fp16: false
  num_workers: 3
  batch_size: 8
  min_batch_size: 8
  max_batch_size: 512
  distributed: false
  gpu_id: 0
  dali: false
  metrics_workers: 0
reload:
  overwrite_cfg: false
  latest: false
notes: null
log:
  level: info
augs:
  brightness: 0.25
  contrast: 0.1
  hue: 0.1
  saturation: 0.1
  color_p: 0.5
  grayscale: 0.5
  crop_size: null
  resize:
  - 224
  - 224
  dali: false
  random_resize: false
  pad: null
  LR: 0.5
  UD: 0.0
  degrees: 10
  normalization:
    'N': 135801897500
    mean:
    - 0.4198086977432194
    - 0.38591966278319084
    - 0.3583894929837394
    std:
    - 0.18812246994180273
    - 0.1906279735657266
    - 0.19501479378598433
feature_extractor:
  arch: resnet18
  fusion: average
  sampler: null
  final_bn: false
  sampling_ratio: null
  final_activation: sigmoid
  dropout_p: 0.25
  n_flows: 10
  n_rgb: 1
  curriculum: false
  inputs: both
  weights: D:\SIT_auto\SIT_deepethogram\models\250717_000000_TS1_FE_model\lightning_checkpoints\epoch=0-step=999.ckpt
train:
  steps_per_epoch:
    train: 1000
    val: 200
    test: 20
  num_epochs: 10
  loss_weight_exp: 1.0
flow_generator:
  type: flow_generator
  flow_loss: MotionNet
  flow_max: 10
  input_images: 11
  flow_sparsity: false
  smooth_weight_multiplier: 1.0
  sparsity_weight: 0.0
  loss: MotionNet
  max: 5
  n_rgb: 11
  arch: TinyMotionNet
  weights: D:\SIT_auto\SIT_deepethogram\models\250717_000000_TS1_FG_model\lightning_checkpoints\epoch=1-step=1999.ckpt
inference:
  directory_list:
  - D:\SIT_auto\SIT_deepethogram\DATA\SIT1-JNG-77-4-2025-04-1509-04-17
  ignore_error: true
  overwrite: true
  use_loaded_model_cfg: true
postprocessor:
  type: min_bout_per_behavior
  min_bout_length: 1
cmap: deepethogram
control_arrow_jump: 31
label_view_width: 31
prediction_opacity: 0.2
project:
  class_names:
  - background
  - Contactbyhost
  - Contactbyvisitor
  - Followbyhost
  - Followbyvisitor
  - Pawcontrol(host)
  - Rearing
  - Tailrattling
  - Grooming
  config_file: project_config.yaml
  data_path: D:\SIT_auto\SIT_deepethogram\DATA
  labeler: null
  model_path: D:\SIT_auto\SIT_deepethogram\models
  name: SIT
  path: D:\SIT_auto\SIT_deepethogram
  pretrained_path: D:\SIT_auto\SIT_deepethogram\models\pretrained_models
run:
  type: inference
  model: feature_extractor
  dir: D:\SIT_auto\SIT_deepethogram\models\250717_115322_feature_extractor_inference
sequence:
  filter_length: 15
unlabeled_alpha: 0.1
vertical_arrow_jump: 3

[2025-07-17 11:53:22,747] INFO [__main__.feature_extractor_inference:481] Latent name used in HDF5 file: resnet18
[2025-07-17 11:53:22,751] INFO [deepethogram.data.augs.get_gpu_transforms:246] GPU transforms: {'train': Sequential(
  (0): ToFloat()
  (1): VideoSequential(
    (RandomHorizontalFlip_0): RandomHorizontalFlip(p=0.5, p_batch=1.0, same_on_batch=False)
    (RandomRotation_1): RandomRotation(degrees=10, p=0.5, p_batch=1.0, same_on_batch=False, resample=bilinear, align_corners=True)
    (ColorJitter_2): ColorJitter(brightness=0.25, contrast=0.1, saturation=0.1, hue=0.1, p=0.5, p_batch=1.0, same_on_batch=False)
    (RandomGrayscale_3): RandomGrayscale(p=0.5, p_batch=1.0, same_on_batch=False)
  )
  (2): NormalizeVideo()
  (3): StackClipInChannels()
), 'val': Sequential(
  (0): ToFloat()
  (1): NormalizeVideo()
  (2): StackClipInChannels()
), 'test': Sequential(
  (0): ToFloat()
  (1): NormalizeVideo()
  (2): StackClipInChannels()
), 'denormalize': Sequential(
  (0): UnstackClip()
  (1): DenormalizeVideo()
)}
[2025-07-17 11:53:22,751] INFO [__main__.feature_extractor_inference:515] gpu_transform: Sequential(
  (0): ToFloat()
  (1): NormalizeVideo()
  (2): StackClipInChannels()
)
[2025-07-17 11:53:22,817] INFO [deepethogram.projects.get_weightfile_from_cfg:1079] loading specified weights: D:\SIT_auto\SIT_deepethogram\models\250717_000000_TS1_FE_model\lightning_checkpoints\epoch=0-step=999.ckpt
[2025-07-17 11:53:22,936] INFO [deepethogram.projects.get_weightfile_from_cfg:1079] loading specified weights: D:\SIT_auto\SIT_deepethogram\models\250717_000000_TS1_FE_model\lightning_checkpoints\epoch=0-step=999.ckpt
[2025-07-17 11:53:22,937] INFO [deepethogram.feature_extractor.train.build_model_from_cfg:220] feature extractor weightfile: D:\SIT_auto\SIT_deepethogram\models\250717_000000_TS1_FE_model\lightning_checkpoints\epoch=0-step=999.ckpt
[2025-07-17 11:53:23,000] INFO [deepethogram.utils.load_feature_extractor_components:630] loading component spatial from file D:\SIT_auto\SIT_deepethogram\models\250717_000000_TS1_FE_model\lightning_checkpoints\epoch=0-step=999.ckpt
[2025-07-17 11:53:24,750] INFO [deepethogram.utils.load_feature_extractor_components:630] loading component flow from file D:\SIT_auto\SIT_deepethogram\models\250717_000000_TS1_FE_model\lightning_checkpoints\epoch=0-step=999.ckpt
[2025-07-17 11:53:24,907] INFO [deepethogram.projects.get_weightfile_from_cfg:1079] loading specified weights: D:\SIT_auto\SIT_deepethogram\models\250717_000000_TS1_FG_model\lightning_checkpoints\epoch=1-step=1999.ckpt
[2025-07-17 11:53:24,907] INFO [deepethogram.utils.load_state:341] loading from checkpoint file D:\SIT_auto\SIT_deepethogram\models\250717_000000_TS1_FG_model\lightning_checkpoints\epoch=1-step=1999.ckpt...
[2025-07-17 11:53:25,128] INFO [deepethogram.utils.load_feature_extractor_components:630] loading component fusion from file D:\SIT_auto\SIT_deepethogram\models\250717_000000_TS1_FE_model\lightning_checkpoints\epoch=0-step=999.ckpt
[2025-07-17 11:53:25,202] INFO [__main__.feature_extractor_inference:545] best epoch from loaded file: 0
[2025-07-17 11:53:25,213] INFO [__main__.feature_extractor_inference:552] thresholds: [0.10059246 0.5        0.5226608  0.70857186 0.5        0.5
 0.82916281 0.5        0.5       ]
[2025-07-17 11:53:25,484] INFO [__main__.extract:383] inference batch size: 8
[2025-07-17 11:53:34,847] INFO [__main__.print_debug_statement:128] images shape: torch.Size([8, 33, 224, 224])
[2025-07-17 11:53:34,848] INFO [__main__.print_debug_statement:129] logits shape: torch.Size([8, 9])
[2025-07-17 11:53:34,848] INFO [__main__.print_debug_statement:130] spatial_features shape: torch.Size([8, 512])
[2025-07-17 11:53:34,848] INFO [__main__.print_debug_statement:131] flow_features shape: torch.Size([8, 512])
[2025-07-17 11:53:34,850] INFO [__main__.print_debug_statement:133] spatial: min 0.0 mean 1.8629505634307861 max 6.377275466918945 shape torch.Size([8, 512])
[2025-07-17 11:53:34,851] INFO [__main__.print_debug_statement:135] flow   : min 0.0 mean 1.3114086389541626 max 17.424470901489258 shape torch.Size([8, 512])
[2025-07-17 11:53:34,853] INFO [__main__.print_debug_statement:144] channel min:  tensor([    -0.0011,     -0.0084,     -0.0078,     -0.0011,     -0.0084,
            -0.0078,     -0.0011,     -0.0084,     -0.0078,     -0.0011,
            -0.0084,     -0.0078,     -0.0011,     -0.0084,     -0.0078,
            -2.2316,     -2.0245,     -1.8378,     -2.2316,     -2.0245,
            -1.8378,     -2.2316,     -2.0245,     -1.8378,     -2.2316,
            -2.0245,     -1.8378,     -2.2316,     -2.0245,     -1.8378,
            -2.2316,     -2.0245,     -1.8378], device='cuda:0')
[2025-07-17 11:53:34,856] INFO [__main__.print_debug_statement:145] channel mean: tensor([-0.0011, -0.0084, -0.0078, -0.0011, -0.0084, -0.0078, -0.0011, -0.0084,
        -0.0078, -0.0011, -0.0084, -0.0078, -0.0011, -0.0084, -0.0078,  0.5390,
         0.7087,  0.5677,  0.5404,  0.7070,  0.5670,  0.5392,  0.7059,  0.5646,
         0.5386,  0.7048,  0.5644,  0.5353,  0.7041,  0.5598,  0.5408,  0.7031,
         0.5670], device='cuda:0')
[2025-07-17 11:53:34,858] INFO [__main__.print_debug_statement:146] channel max : tensor([    -0.0011,     -0.0084,     -0.0078,     -0.0011,     -0.0084,
            -0.0078,     -0.0011,     -0.0084,     -0.0078,     -0.0011,
            -0.0084,     -0.0078,     -0.0011,     -0.0084,     -0.0078,
             2.5004,      2.3162,      2.9884,      2.5004,      2.4602,
             2.9884,      2.5004,      2.3162,      2.9884,      2.3962,
             2.3573,      3.0085,      2.3962,      2.3162,      3.0085,
             2.3962,      2.3162,      2.9281], device='cuda:0')
[2025-07-17 11:53:34,860] INFO [__main__.print_debug_statement:147] channel std : tensor([0.0000, 0.0000, 0.0000, 0.0000, 0.0000, 0.0000, 0.0000, 0.0000, 0.0000,
        0.0000, 0.0000, 0.0000, 0.0000, 0.0000, 0.0000, 0.5284, 0.5356, 0.5568,
        0.5270, 0.5334, 0.5519, 0.5265, 0.5322, 0.5492, 0.5258, 0.5307, 0.5460,
        0.5248, 0.5290, 0.5423, 0.5240, 0.5264, 0.5374], device='cuda:0')
