[2025-06-20 16:54:08,502] INFO [deepethogram.gui.main.initialize_project:1021] loaded project configuration: split:
  reload: true
  file: null
  train_val_test:
  - 0.8
  - 0.2
  - 0.0
compute:
  fp16: false
  num_workers: 8
  batch_size: 32
  min_batch_size: 8
  max_batch_size: 512
  distributed: false
  gpu_id: 0
  dali: false
  metrics_workers: 0
reload:
  overwrite_cfg: false
  latest: false
notes: null
log:
  level: info
run:
  type: gui
  model: null
  dir: D:\SIT_auto\SIT_deepethogram\gui_logs\250620_165408
label_view_width: 31
control_arrow_jump: 31
vertical_arrow_jump: 3
cmap: deepethogram
unlabeled_alpha: 0.1
prediction_opacity: 0.2
postprocessor:
  type: min_bout_per_behavior
  min_bout_length: 1
augs:
  LR: 0.5
  UD: 0.0
  brightness: 0.25
  contrast: 0.1
  crop_size: null
  degrees: 10
  grayscale: 0.5
  hue: 0.1
  normalization:
    'N': 115985203200
    mean:
    - 0.4136446302243881
    - 0.3783602996558433
    - 0.3516033898307915
    std:
    - 0.1930715029605209
    - 0.19566045600514562
    - 0.20008365369177122
  pad: null
  random_resize: false
  resize:
  - 224
  - 224
  saturation: 0.1
project:
  class_names:
  - background
  - Contactbyhost
  - Contactbyvisitor
  - Followbyhost
  - Followbyvisitor
  - Pawcontrol(host)
  - Rearing
  - Tailrattling
  - Grooming
  - Test
  config_file: D:\SIT_auto\SIT_deepethogram\project_config.yaml
  data_path: D:\SIT_auto\SIT_deepethogram\DATA
  labeler: null
  model_path: D:\SIT_auto\SIT_deepethogram\models
  name: SIT
  path: D:\SIT_auto\SIT_deepethogram
  pretrained_path: pretrained_models
sequence:
  filter_length: 15
train:
  loss_weight_exp: 1.0

[2025-06-20 16:54:08,502] INFO [deepethogram.gui.main.initialize_project:1022] cwd: D:\SIT_auto\SIT_deepethogram\gui_logs\250620_165408
[2025-06-20 16:54:08,566] INFO [deepethogram.gui.main.project_loaded_buttons:175] Number finalized labels: 0
[2025-06-20 16:54:08,685] INFO [deepethogram.gui.main.initialize_video:226] Record for loaded video: {'flow': None, 'label': None, 'output': None, 'rgb': 'D:\\SIT_auto\\SIT_deepethogram\\DATA\\SIT1-JNG-77-4-2025-04-1509-04-17\\SIT1-JNG-77-4-2025-04-1509-04-17.mp4', 'keypoint': None, 'key': 'SIT1-JNG-77-4-2025-04-1509-04-17'}
[2025-06-20 16:57:31,046] INFO [deepethogram.gui.main.log_idle:151] User has been idle for 60.0 seconds...
[2025-06-20 16:58:37,357] INFO [deepethogram.gui.main.user_did_something:138] User restarted labeling
[2025-06-20 16:59:41,059] INFO [deepethogram.gui.main.log_idle:151] User has been idle for 60.0 seconds...
