[2025-07-17 11:30:45,367] INFO [__main__.feature_extractor_inference:473] args: C:\Users\TeamGranon\anaconda3\envs\deg_social\lib\site-packages\deepethogram\feature_extractor\inference.py project.path=D:\SIT_auto\SIT_deepethogram inference.overwrite=True feature_extractor.weights=D:\SIT_auto\SIT_deepethogram\models\250717_000000_TS1_FE_model\lightning_checkpoints\epoch=0-step=999.ckpt flow_generator.weights=D:\SIT_auto\SIT_deepethogram\models\250717_000000_TS1_FG_model\lightning_checkpoints\epoch=1-step=1999.ckpt inference.directory_list=[D:\SIT_auto\SIT_deepethogram\DATA\SIT30-AV8-79-4-2025-04-17 11-55-15]
[2025-07-17 11:30:45,367] INFO [__main__.feature_extractor_inference:475] configuration used in inference: 
[2025-07-17 11:30:45,370] INFO [__main__.feature_extractor_inference:476] split:
  reload: true
  file: null
  train_val_test:
  - 0.8
  - 0.2
  - 0.0
compute:
  fp16: false
  num_workers: 3
  batch_size: 8
  min_batch_size: 8
  max_batch_size: 512
  distributed: false
  gpu_id: 0
  dali: false
  metrics_workers: 0
reload:
  overwrite_cfg: false
  latest: false
notes: null
log:
  level: info
augs:
  brightness: 0.25
  contrast: 0.1
  hue: 0.1
  saturation: 0.1
  color_p: 0.5
  grayscale: 0.5
  crop_size: null
  resize:
  - 224
  - 224
  dali: false
  random_resize: false
  pad: null
  LR: 0.5
  UD: 0.0
  degrees: 10
  normalization:
    'N': 135801897500
    mean:
    - 0.4198086977432194
    - 0.38591966278319084
    - 0.3583894929837394
    std:
    - 0.18812246994180273
    - 0.1906279735657266
    - 0.19501479378598433
feature_extractor:
  arch: resnet18
  fusion: average
  sampler: null
  final_bn: false
  sampling_ratio: null
  final_activation: sigmoid
  dropout_p: 0.25
  n_flows: 10
  n_rgb: 1
  curriculum: false
  inputs: both
  weights: D:\SIT_auto\SIT_deepethogram\models\250717_000000_TS1_FE_model\lightning_checkpoints\epoch=0-step=999.ckpt
train:
  steps_per_epoch:
    train: 1000
    val: 200
    test: 20
  num_epochs: 10
  loss_weight_exp: 1.0
flow_generator:
  type: flow_generator
  flow_loss: MotionNet
  flow_max: 10
  input_images: 11
  flow_sparsity: false
  smooth_weight_multiplier: 1.0
  sparsity_weight: 0.0
  loss: MotionNet
  max: 5
  n_rgb: 11
  arch: TinyMotionNet
  weights: D:\SIT_auto\SIT_deepethogram\models\250717_000000_TS1_FG_model\lightning_checkpoints\epoch=1-step=1999.ckpt
inference:
  directory_list:
  - D:\SIT_auto\SIT_deepethogram\DATA\SIT30-AV8-79-4-2025-04-17 11-55-15
  ignore_error: true
  overwrite: true
  use_loaded_model_cfg: true
postprocessor:
  type: min_bout_per_behavior
  min_bout_length: 1
cmap: deepethogram
control_arrow_jump: 31
label_view_width: 31
prediction_opacity: 0.2
project:
  class_names:
  - background
  - Contactbyhost
  - Contactbyvisitor
  - Followbyhost
  - Followbyvisitor
  - Pawcontrol(host)
  - Rearing
  - Tailrattling
  - Grooming
  config_file: project_config.yaml
  data_path: D:\SIT_auto\SIT_deepethogram\DATA
  labeler: null
  model_path: D:\SIT_auto\SIT_deepethogram\models
  name: SIT
  path: D:\SIT_auto\SIT_deepethogram
  pretrained_path: D:\SIT_auto\SIT_deepethogram\models\pretrained_models
run:
  type: inference
  model: feature_extractor
  dir: D:\SIT_auto\SIT_deepethogram\models\250717_113045_feature_extractor_inference
sequence:
  filter_length: 15
unlabeled_alpha: 0.1
vertical_arrow_jump: 3

[2025-07-17 11:30:45,378] INFO [__main__.feature_extractor_inference:481] Latent name used in HDF5 file: resnet18
[2025-07-17 11:30:45,402] INFO [deepethogram.data.augs.get_gpu_transforms:246] GPU transforms: {'train': Sequential(
  (0): ToFloat()
  (1): VideoSequential(
    (RandomHorizontalFlip_0): RandomHorizontalFlip(p=0.5, p_batch=1.0, same_on_batch=False)
    (RandomRotation_1): RandomRotation(degrees=10, p=0.5, p_batch=1.0, same_on_batch=False, resample=bilinear, align_corners=True)
    (ColorJitter_2): ColorJitter(brightness=0.25, contrast=0.1, saturation=0.1, hue=0.1, p=0.5, p_batch=1.0, same_on_batch=False)
    (RandomGrayscale_3): RandomGrayscale(p=0.5, p_batch=1.0, same_on_batch=False)
  )
  (2): NormalizeVideo()
  (3): StackClipInChannels()
), 'val': Sequential(
  (0): ToFloat()
  (1): NormalizeVideo()
  (2): StackClipInChannels()
), 'test': Sequential(
  (0): ToFloat()
  (1): NormalizeVideo()
  (2): StackClipInChannels()
), 'denormalize': Sequential(
  (0): UnstackClip()
  (1): DenormalizeVideo()
)}
[2025-07-17 11:30:45,403] INFO [__main__.feature_extractor_inference:515] gpu_transform: Sequential(
  (0): ToFloat()
  (1): NormalizeVideo()
  (2): StackClipInChannels()
)
[2025-07-17 11:30:45,458] INFO [deepethogram.projects.get_weightfile_from_cfg:1079] loading specified weights: D:\SIT_auto\SIT_deepethogram\models\250717_000000_TS1_FE_model\lightning_checkpoints\epoch=0-step=999.ckpt
[2025-07-17 11:30:45,564] INFO [deepethogram.projects.get_weightfile_from_cfg:1079] loading specified weights: D:\SIT_auto\SIT_deepethogram\models\250717_000000_TS1_FE_model\lightning_checkpoints\epoch=0-step=999.ckpt
[2025-07-17 11:30:45,564] INFO [deepethogram.feature_extractor.train.build_model_from_cfg:220] feature extractor weightfile: D:\SIT_auto\SIT_deepethogram\models\250717_000000_TS1_FE_model\lightning_checkpoints\epoch=0-step=999.ckpt
[2025-07-17 11:30:45,631] INFO [deepethogram.utils.load_feature_extractor_components:630] loading component spatial from file D:\SIT_auto\SIT_deepethogram\models\250717_000000_TS1_FE_model\lightning_checkpoints\epoch=0-step=999.ckpt
[2025-07-17 11:30:47,292] INFO [deepethogram.utils.load_feature_extractor_components:630] loading component flow from file D:\SIT_auto\SIT_deepethogram\models\250717_000000_TS1_FE_model\lightning_checkpoints\epoch=0-step=999.ckpt
[2025-07-17 11:30:47,433] INFO [deepethogram.projects.get_weightfile_from_cfg:1079] loading specified weights: D:\SIT_auto\SIT_deepethogram\models\250717_000000_TS1_FG_model\lightning_checkpoints\epoch=1-step=1999.ckpt
[2025-07-17 11:30:47,433] INFO [deepethogram.utils.load_state:341] loading from checkpoint file D:\SIT_auto\SIT_deepethogram\models\250717_000000_TS1_FG_model\lightning_checkpoints\epoch=1-step=1999.ckpt...
[2025-07-17 11:30:47,660] INFO [deepethogram.utils.load_feature_extractor_components:630] loading component fusion from file D:\SIT_auto\SIT_deepethogram\models\250717_000000_TS1_FE_model\lightning_checkpoints\epoch=0-step=999.ckpt
[2025-07-17 11:30:47,724] INFO [__main__.feature_extractor_inference:545] best epoch from loaded file: 0
[2025-07-17 11:30:47,745] INFO [__main__.feature_extractor_inference:552] thresholds: [0.10059246 0.5        0.5226608  0.70857186 0.5        0.5
 0.82916281 0.5        0.5       ]
[2025-07-17 11:30:47,998] INFO [__main__.extract:383] inference batch size: 8
