[2025-07-17 11:29:17,340] INFO [deepethogram.gui.main.initialize_project:1021] loaded project configuration: split:
  reload: true
  file: null
  train_val_test:
  - 0.8
  - 0.2
  - 0.0
compute:
  fp16: false
  num_workers: 3
  batch_size: 8
  min_batch_size: 8
  max_batch_size: 512
  distributed: false
  gpu_id: 0
  dali: false
  metrics_workers: 0
reload:
  overwrite_cfg: false
  latest: false
notes: null
log:
  level: info
run:
  type: gui
  model: null
  dir: D:\SIT_auto\SIT_deepethogram\gui_logs\250717_112917
label_view_width: 31
control_arrow_jump: 31
vertical_arrow_jump: 3
cmap: deepethogram
unlabeled_alpha: 0.1
prediction_opacity: 0.2
postprocessor:
  type: min_bout_per_behavior
  min_bout_length: 1
augs:
  LR: 0.5
  UD: 0.0
  brightness: 0.25
  contrast: 0.1
  crop_size: null
  degrees: 10
  grayscale: 0.5
  hue: 0.1
  normalization:
    'N': 134573787500
    mean:
    - 0.4188662543741402
    - 0.384645660879449
    - 0.3572427996897448
    std:
    - 0.18899837086842783
    - 0.1915122234643136
    - 0.19592325647909137
  pad: null
  random_resize: false
  resize:
  - 224
  - 224
  saturation: 0.1
project:
  class_names:
  - background
  - Contactbyhost
  - Contactbyvisitor
  - Followbyhost
  - Followbyvisitor
  - Pawcontrol(host)
  - Rearing
  - Tailrattling
  - Grooming
  config_file: D:\SIT_auto\SIT_deepethogram\project_config.yaml
  data_path: D:\SIT_auto\SIT_deepethogram\DATA
  labeler: null
  model_path: D:\SIT_auto\SIT_deepethogram\models
  name: SIT
  path: D:\SIT_auto\SIT_deepethogram
  pretrained_path: D:\SIT_auto\SIT_deepethogram\models\pretrained_models
sequence:
  filter_length: 15
train:
  loss_weight_exp: 1.0

[2025-07-17 11:29:17,349] INFO [deepethogram.gui.main.initialize_project:1022] cwd: D:\SIT_auto\SIT_deepethogram\gui_logs\250717_112917
[2025-07-17 11:29:17,401] INFO [deepethogram.gui.main.project_loaded_buttons:175] Number finalized labels: 10
[2025-07-17 11:29:17,709] INFO [deepethogram.gui.main.initialize_video:226] Record for loaded video: {'flow': None, 'label': None, 'output': 'D:\\SIT_auto\\SIT_deepethogram\\DATA\\SIT20-KUS-80-3-2025-04-1708-49-12\\SIT20-KUS-80-3-2025-04-1708-49-12_outputs.h5', 'rgb': 'D:\\SIT_auto\\SIT_deepethogram\\DATA\\SIT20-KUS-80-3-2025-04-1708-49-12\\SIT20-KUS-80-3-2025-04-1708-49-12.mp4', 'keypoint': None, 'key': 'SIT20-KUS-80-3-2025-04-1708-49-12'}
[2025-07-17 11:29:17,744] INFO [deepethogram.projects.import_outputfile:791] Key used to load outputfile: resnet18
[2025-07-17 11:29:17,838] INFO [deepethogram.gui.main.import_outputfile:886] CHANGING LATENT NAME TO : resnet18
[2025-07-17 11:29:41,148] INFO [deepethogram.gui.main.initialize_video:241] Copying D:/SIT_auto/corrected_videos/SIT30-AV8-79-4-2025-04-17 11-55-15.mp4 to your DEG directory
[2025-07-17 11:29:41,739] INFO [deepethogram.zscore.zscore_video:151] zscoring file: D:\SIT_auto\SIT_deepethogram\DATA\SIT30-AV8-79-4-2025-04-17 11-55-15\SIT30-AV8-79-4-2025-04-17 11-55-15.mp4
[2025-07-17 11:30:35,629] INFO [deepethogram.zscore.get_video_statistics:116] final stats: mean: [0.52307972 0.52552219 0.4840418 ] std: [0.09214303 0.09373367 0.09546731] n: 1228110000
[2025-07-17 11:30:43,118] INFO [deepethogram.gui.main.get_selected_models:1136] {'flow_generator': {'no pretrained weights': None, '200221_115158_TinyMotionNet': 'D:\\SIT_auto\\SIT_deepethogram\\models\\pretrained_models\\200221_115158_TinyMotionNet\\checkpoint.pt', '250717_000000_TS1_FG_model': 'D:\\SIT_auto\\SIT_deepethogram\\models\\250717_000000_TS1_FG_model\\lightning_checkpoints\\epoch=1-step=1999.ckpt'}, 'feature_extractor': {'no pretrained weights': None, '200415_125824_hidden_two_stream_kinetics_degf': 'D:\\SIT_auto\\SIT_deepethogram\\models\\pretrained_models\\200415_125824_hidden_two_stream_kinetics_degf\\checkpoint.pt', '250717_000000_TS1_FE_model': 'D:\\SIT_auto\\SIT_deepethogram\\models\\250717_000000_TS1_FE_model\\lightning_checkpoints\\epoch=0-step=999.ckpt'}, 'sequence': {'': None}}
[2025-07-17 11:30:43,118] INFO [deepethogram.gui.main.get_selected_models:1136] {'flow_generator': {'no pretrained weights': None, '200221_115158_TinyMotionNet': 'D:\\SIT_auto\\SIT_deepethogram\\models\\pretrained_models\\200221_115158_TinyMotionNet\\checkpoint.pt', '250717_000000_TS1_FG_model': 'D:\\SIT_auto\\SIT_deepethogram\\models\\250717_000000_TS1_FG_model\\lightning_checkpoints\\epoch=1-step=1999.ckpt'}, 'feature_extractor': {'no pretrained weights': None, '200415_125824_hidden_two_stream_kinetics_degf': 'D:\\SIT_auto\\SIT_deepethogram\\models\\pretrained_models\\200415_125824_hidden_two_stream_kinetics_degf\\checkpoint.pt', '250717_000000_TS1_FE_model': 'D:\\SIT_auto\\SIT_deepethogram\\models\\250717_000000_TS1_FE_model\\lightning_checkpoints\\epoch=0-step=999.ckpt'}, 'sequence': {'': None}}
[2025-07-17 11:30:43,132] INFO [deepethogram.gui.main.featureextractor_infer:452] inference running with args: python -m deepethogram.feature_extractor.inference project.path=D:\SIT_auto\SIT_deepethogram inference.overwrite=True feature_extractor.weights=D:\SIT_auto\SIT_deepethogram\models\250717_000000_TS1_FE_model\lightning_checkpoints\epoch=0-step=999.ckpt flow_generator.weights=D:\SIT_auto\SIT_deepethogram\models\250717_000000_TS1_FG_model\lightning_checkpoints\epoch=1-step=1999.ckpt inference.directory_list=[D:\SIT_auto\SIT_deepethogram\DATA\SIT30-AV8-79-4-2025-04-17 11-55-15]
[2025-07-17 11:30:59,254] INFO [deepethogram.gui.main.featureextractor_infer:463] Inference finished. If you see error messages above, inference did not complete successfully.
[2025-07-17 11:30:59,254] INFO [deepethogram.gui.main.featureextractor_infer:468] ~~~~~~~~~~~~~~~~~~~~~~~~~~~~~~~~~~~~~~~~~~~~~~~~~~~~~~~~~~~~~~~~~~~~~~~~~~~~~~~~~~~~~~~~~~~~~~~~~~~~
[2025-07-17 11:30:59,374] INFO [deepethogram.gui.main.project_loaded_buttons:175] Number finalized labels: 10
[2025-07-17 11:31:00,009] ERROR [deepethogram.gui.main.import_outputfile:855] no datasets found in outputfile: D:\SIT_auto\SIT_deepethogram\DATA\SIT30-AV8-79-4-2025-04-17 11-55-15\SIT30-AV8-79-4-2025-04-17 11-55-15_outputs.h5
Traceback (most recent call last):
  File "C:\Users\TeamGranon\anaconda3\envs\deg_social\lib\site-packages\deepethogram\gui\main.py", line 853, in import_outputfile
    latent_name=latent_name)
  File "C:\Users\TeamGranon\anaconda3\envs\deg_social\lib\site-packages\deepethogram\projects.py", line 771, in import_outputfile
    raise ValueError('no datasets found in outputfile: {}'.format(outputfile))
ValueError: no datasets found in outputfile: D:\SIT_auto\SIT_deepethogram\DATA\SIT30-AV8-79-4-2025-04-17 11-55-15\SIT30-AV8-79-4-2025-04-17 11-55-15_outputs.h5
[2025-07-17 11:31:51,364] INFO [deepethogram.gui.main.log_idle:151] User has been idle for 60.0 seconds...
[2025-07-17 11:31:57,909] INFO [deepethogram.gui.main.user_did_something:138] User restarted labeling
