[2025-07-17 11:32:46,067] INFO [deepethogram.gui.main.initialize_project:1021] loaded project configuration: split:
  reload: true
  file: null
  train_val_test:
  - 0.8
  - 0.2
  - 0.0
compute:
  fp16: false
  num_workers: 3
  batch_size: 8
  min_batch_size: 8
  max_batch_size: 512
  distributed: false
  gpu_id: 0
  dali: false
  metrics_workers: 0
reload:
  overwrite_cfg: false
  latest: false
notes: null
log:
  level: info
run:
  type: gui
  model: null
  dir: D:\SIT_auto\SIT_deepethogram\gui_logs\250717_113246
label_view_width: 31
control_arrow_jump: 31
vertical_arrow_jump: 3
cmap: deepethogram
unlabeled_alpha: 0.1
prediction_opacity: 0.2
postprocessor:
  type: min_bout_per_behavior
  min_bout_length: 1
augs:
  LR: 0.5
  UD: 0.0
  brightness: 0.25
  contrast: 0.1
  crop_size: null
  degrees: 10
  grayscale: 0.5
  hue: 0.1
  normalization:
    'N': 135801897500
    mean:
    - 0.4198086977432194
    - 0.38591966278319084
    - 0.3583894929837394
    std:
    - 0.18812246994180273
    - 0.1906279735657266
    - 0.19501479378598433
  pad: null
  random_resize: false
  resize:
  - 224
  - 224
  saturation: 0.1
project:
  class_names:
  - background
  - Contactbyhost
  - Contactbyvisitor
  - Followbyhost
  - Followbyvisitor
  - Pawcontrol(host)
  - Rearing
  - Tailrattling
  - Grooming
  config_file: project_config.yaml
  data_path: D:\SIT_auto\SIT_deepethogram\DATA
  labeler: null
  model_path: D:\SIT_auto\SIT_deepethogram\models
  name: SIT
  path: D:\SIT_auto\SIT_deepethogram
  pretrained_path: D:\SIT_auto\SIT_deepethogram\models\pretrained_models
sequence:
  filter_length: 15
train:
  loss_weight_exp: 1.0

[2025-07-17 11:32:46,070] INFO [deepethogram.gui.main.initialize_project:1022] cwd: D:\SIT_auto\SIT_deepethogram\gui_logs\250717_113246
[2025-07-17 11:32:46,116] INFO [deepethogram.gui.main.project_loaded_buttons:175] Number finalized labels: 10
[2025-07-17 11:32:46,471] INFO [deepethogram.gui.main.initialize_video:226] Record for loaded video: {'flow': None, 'label': None, 'output': 'D:\\SIT_auto\\SIT_deepethogram\\DATA\\SIT20-KUS-80-3-2025-04-1708-49-12\\SIT20-KUS-80-3-2025-04-1708-49-12_outputs.h5', 'rgb': 'D:\\SIT_auto\\SIT_deepethogram\\DATA\\SIT20-KUS-80-3-2025-04-1708-49-12\\SIT20-KUS-80-3-2025-04-1708-49-12.mp4', 'keypoint': None, 'key': 'SIT20-KUS-80-3-2025-04-1708-49-12'}
[2025-07-17 11:32:46,520] INFO [deepethogram.projects.import_outputfile:791] Key used to load outputfile: resnet18
[2025-07-17 11:32:46,588] INFO [deepethogram.gui.main.import_outputfile:886] CHANGING LATENT NAME TO : resnet18
[2025-07-17 11:33:03,360] INFO [deepethogram.gui.main.get_selected_models:1136] {'flow_generator': {'no pretrained weights': None, '200221_115158_TinyMotionNet': 'D:\\SIT_auto\\SIT_deepethogram\\models\\pretrained_models\\200221_115158_TinyMotionNet\\checkpoint.pt', '250717_000000_TS1_FG_model': 'D:\\SIT_auto\\SIT_deepethogram\\models\\250717_000000_TS1_FG_model\\lightning_checkpoints\\epoch=1-step=1999.ckpt'}, 'feature_extractor': {'no pretrained weights': None, '200415_125824_hidden_two_stream_kinetics_degf': 'D:\\SIT_auto\\SIT_deepethogram\\models\\pretrained_models\\200415_125824_hidden_two_stream_kinetics_degf\\checkpoint.pt', '250717_000000_TS1_FE_model': 'D:\\SIT_auto\\SIT_deepethogram\\models\\250717_000000_TS1_FE_model\\lightning_checkpoints\\epoch=0-step=999.ckpt'}, 'sequence': {'': None}}
[2025-07-17 11:33:03,360] INFO [deepethogram.gui.main.get_selected_models:1136] {'flow_generator': {'no pretrained weights': None, '200221_115158_TinyMotionNet': 'D:\\SIT_auto\\SIT_deepethogram\\models\\pretrained_models\\200221_115158_TinyMotionNet\\checkpoint.pt', '250717_000000_TS1_FG_model': 'D:\\SIT_auto\\SIT_deepethogram\\models\\250717_000000_TS1_FG_model\\lightning_checkpoints\\epoch=1-step=1999.ckpt'}, 'feature_extractor': {'no pretrained weights': None, '200415_125824_hidden_two_stream_kinetics_degf': 'D:\\SIT_auto\\SIT_deepethogram\\models\\pretrained_models\\200415_125824_hidden_two_stream_kinetics_degf\\checkpoint.pt', '250717_000000_TS1_FE_model': 'D:\\SIT_auto\\SIT_deepethogram\\models\\250717_000000_TS1_FE_model\\lightning_checkpoints\\epoch=0-step=999.ckpt'}, 'sequence': {'': None}}
[2025-07-17 11:33:03,360] INFO [deepethogram.gui.main.featureextractor_infer:452] inference running with args: python -m deepethogram.feature_extractor.inference project.path=D:\SIT_auto\SIT_deepethogram inference.overwrite=True feature_extractor.weights=D:\SIT_auto\SIT_deepethogram\models\250717_000000_TS1_FE_model\lightning_checkpoints\epoch=0-step=999.ckpt flow_generator.weights=D:\SIT_auto\SIT_deepethogram\models\250717_000000_TS1_FG_model\lightning_checkpoints\epoch=1-step=1999.ckpt inference.directory_list=[D:\SIT_auto\SIT_deepethogram\DATA\SIT30-AV8-79-4-2025-04-17 11-55-15]
[2025-07-17 11:34:03,623] INFO [deepethogram.gui.main.initialize_video:226] Record for loaded video: {'flow': None, 'label': None, 'output': 'D:/SIT_auto/SIT_deepethogram/DATA/SIT30-AV8-79-4-2025-04-17 11-55-15\\SIT30-AV8-79-4-2025-04-17 11-55-15_outputs.h5', 'rgb': 'D:/SIT_auto/SIT_deepethogram/DATA/SIT30-AV8-79-4-2025-04-17 11-55-15\\SIT30-AV8-79-4-2025-04-17 11-55-15.mp4', 'keypoint': None, 'key': 'SIT30-AV8-79-4-2025-04-17 11-55-15'}
[2025-07-17 11:34:03,645] ERROR [deepethogram.gui.main.import_outputfile:855] no datasets found in outputfile: D:/SIT_auto/SIT_deepethogram/DATA/SIT30-AV8-79-4-2025-04-17 11-55-15\SIT30-AV8-79-4-2025-04-17 11-55-15_outputs.h5
Traceback (most recent call last):
  File "C:\Users\TeamGranon\anaconda3\envs\deg_solo\lib\site-packages\deepethogram\gui\main.py", line 853, in import_outputfile
    latent_name=latent_name)
  File "C:\Users\TeamGranon\anaconda3\envs\deg_solo\lib\site-packages\deepethogram\projects.py", line 771, in import_outputfile
    raise ValueError('no datasets found in outputfile: {}'.format(outputfile))
ValueError: no datasets found in outputfile: D:/SIT_auto/SIT_deepethogram/DATA/SIT30-AV8-79-4-2025-04-17 11-55-15\SIT30-AV8-79-4-2025-04-17 11-55-15_outputs.h5
[2025-07-17 11:35:04,562] INFO [deepethogram.gui.main.log_idle:151] User has been idle for 60.0 seconds...
[2025-07-17 11:35:55,443] INFO [deepethogram.gui.main.featureextractor_infer:463] Inference finished. If you see error messages above, inference did not complete successfully.
[2025-07-17 11:35:55,445] INFO [deepethogram.gui.main.featureextractor_infer:468] ~~~~~~~~~~~~~~~~~~~~~~~~~~~~~~~~~~~~~~~~~~~~~~~~~~~~~~~~~~~~~~~~~~~~~~~~~~~~~~~~~~~~~~~~~~~~~~~~~~~~
[2025-07-17 11:35:55,518] INFO [deepethogram.gui.main.project_loaded_buttons:175] Number finalized labels: 10
[2025-07-17 11:35:56,006] INFO [deepethogram.projects.import_outputfile:791] Key used to load outputfile: resnet18
[2025-07-17 11:35:56,186] INFO [deepethogram.gui.main.import_outputfile:886] CHANGING LATENT NAME TO : resnet18
[2025-07-17 11:35:56,186] INFO [deepethogram.gui.main.user_did_something:138] User restarted labeling
